# JRE version: 7.0_25-b30
# Java VM: OpenJDK Client VM (23.7-b01 mixed mode, sharing linux-x86 )
Heap
 def new generation   total 13440K, used 7923K [0x6a980000, 0x6b810000, 0x72980000)
  eden space 11968K,  66% used [0x6a980000, 0x6b13cf38, 0x6b530000)
  from space 1472K,   0% used [0x6b530000, 0x6b530000, 0x6b6a0000)
  to   space 1472K,   0% used [0x6b6a0000, 0x6b6a0000, 0x6b810000)
 tenured generation   total 29600K, used 15442K [0x72980000, 0x74668000, 0x82980000)
   the space 29600K,  52% used [0x72980000, 0x73894be0, 0x73894c00, 0x74668000)
 compacting perm gen  total 22016K, used 21762K [0x82980000, 0x83f00000, 0x92980000)
   the space 22016K,  98% used [0x82980000, 0x83ec0ba0, 0x83ec0c00, 0x83f00000)
    ro space 10240K,  60% used [0x92980000, 0x92f8c968, 0x92f8ca00, 0x93380000)
    rw space 12288K,  61% used [0x93380000, 0x93ae62d8, 0x93ae6400, 0x93f80000)
GC Heap History (10 events):
Event: 5,540 GC heap before
{Heap before GC invocations=6 (full 0):
 def new generation   total 12288K, used 12288K [0x6a980000, 0x6b6d0000, 0x72980000)
  eden space 10944K, 100% used [0x6a980000, 0x6b430000, 0x6b430000)
  from space 1344K, 100% used [0x6b430000, 0x6b580000, 0x6b580000)
  to   space 1344K,   0% used [0x6b580000, 0x6b580000, 0x6b6d0000)
 tenured generation   total 27328K, used 17578K [0x72980000, 0x74430000, 0x82980000)
   the space 27328K,  64% used [0x72980000, 0x73aaa870, 0x73aaaa00, 0x74430000)
 compacting perm gen  total 15104K, used 14888K [0x82980000, 0x83840000, 0x92980000)
   the space 15104K,  98% used [0x82980000, 0x8380a1f8, 0x8380a200, 0x83840000)
    ro space 10240K,  60% used [0x92980000, 0x92f8c968, 0x92f8ca00, 0x93380000)
    rw space 12288K,  61% used [0x93380000, 0x93ae62d8, 0x93ae6400, 0x93f80000)
Event: 5,561 GC heap after
Heap after GC invocations=7 (full 0):
 def new generation   total 12288K, used 1344K [0x6a980000, 0x6b6d0000, 0x72980000)
  eden space 10944K,   0% used [0x6a980000, 0x6a980000, 0x6b430000)
  from space 1344K, 100% used [0x6b580000, 0x6b6d0000, 0x6b6d0000)
  to   space 1344K,   0% used [0x6b430000, 0x6b430000, 0x6b580000)
 tenured generation   total 27328K, used 21614K [0x72980000, 0x74430000, 0x82980000)
   the space 27328K,  79% used [0x72980000, 0x73e9b9a8, 0x73e9ba00, 0x74430000)
 compacting perm gen  total 15104K, used 14888K [0x82980000, 0x83840000, 0x92980000)
   the space 15104K,  98% used [0x82980000, 0x8380a1f8, 0x8380a200, 0x83840000)
    ro space 10240K,  60% used [0x92980000, 0x92f8c968, 0x92f8ca00, 0x93380000)
    rw space 12288K,  61% used [0x93380000, 0x93ae62d8, 0x93ae6400, 0x93f80000)
}
Event: 5,755 GC heap before
{Heap before GC invocations=7 (full 0):
 def new generation   total 12288K, used 12288K [0x6a980000, 0x6b6d0000, 0x72980000)
  eden space 10944K, 100% used [0x6a980000, 0x6b430000, 0x6b430000)
  from space 1344K, 100% used [0x6b580000, 0x6b6d0000, 0x6b6d0000)
  to   space 1344K,   0% used [0x6b430000, 0x6b430000, 0x6b580000)
 tenured generation   total 27328K, used 21614K [0x72980000, 0x74430000, 0x82980000)
   the space 27328K,  79% used [0x72980000, 0x73e9b9a8, 0x73e9ba00, 0x74430000)
 compacting perm gen  total 15872K, used 15860K [0x82980000, 0x83900000, 0x92980000)
   the space 15872K,  99% used [0x82980000, 0x838fd100, 0x838fd200, 0x83900000)
    ro space 10240K,  60% used [0x92980000, 0x92f8c968, 0x92f8ca00, 0x93380000)
    rw space 12288K,  61% used [0x93380000, 0x93ae62d8, 0x93ae6400, 0x93f80000)
Event: 5,767 GC heap after
Heap after GC invocations=8 (full 0):
 def new generation   total 12288K, used 1344K [0x6a980000, 0x6b6d0000, 0x72980000)
  eden space 10944K,   0% used [0x6a980000, 0x6a980000, 0x6b430000)
  from space 1344K, 100% used [0x6b430000, 0x6b580000, 0x6b580000)
  to   space 1344K,   0% used [0x6b580000, 0x6b580000, 0x6b6d0000)
 tenured generation   total 27328K, used 22912K [0x72980000, 0x74430000, 0x82980000)
   the space 27328K,  83% used [0x72980000, 0x73fe0088, 0x73fe0200, 0x74430000)
 compacting perm gen  total 15872K, used 15860K [0x82980000, 0x83900000, 0x92980000)
   the space 15872K,  99% used [0x82980000, 0x838fd100, 0x838fd200, 0x83900000)
    ro space 10240K,  60% used [0x92980000, 0x92f8c968, 0x92f8ca00, 0x93380000)
    rw space 12288K,  61% used [0x93380000, 0x93ae62d8, 0x93ae6400, 0x93f80000)
}
Event: 5,933 GC heap before
{Heap before GC invocations=8 (full 0):
 def new generation   total 12288K, used 8675K [0x6a980000, 0x6b6d0000, 0x72980000)
  eden space 10944K,  66% used [0x6a980000, 0x6b0a8e48, 0x6b430000)
  from space 1344K, 100% used [0x6b430000, 0x6b580000, 0x6b580000)
  to   space 1344K,   0% used [0x6b580000, 0x6b580000, 0x6b6d0000)
 tenured generation   total 27328K, used 22912K [0x72980000, 0x74430000, 0x82980000)
   the space 27328K,  83% used [0x72980000, 0x73fe0088, 0x73fe0200, 0x74430000)
 compacting perm gen  total 16384K, used 16383K [0x82980000, 0x83980000, 0x92980000)
   the space 16384K,  99% used [0x82980000, 0x8397ff78, 0x83980000, 0x83980000)
    ro space 10240K,  60% used [0x92980000, 0x92f8c968, 0x92f8ca00, 0x93380000)
    rw space 12288K,  61% used [0x93380000, 0x93ae62d8, 0x93ae6400, 0x93f80000)
Event: 6,048 GC heap after
Heap after GC invocations=9 (full 1):
 def new generation   total 13376K, used 0K [0x6a980000, 0x6b800000, 0x72980000)
  eden space 11904K,   0% used [0x6a980000, 0x6a980000, 0x6b520000)
  from space 1472K,   0% used [0x6b520000, 0x6b520000, 0x6b690000)
  to   space 1472K,   0% used [0x6b690000, 0x6b690000, 0x6b800000)
 tenured generation   total 29600K, used 17759K [0x72980000, 0x74668000, 0x82980000)
   the space 29600K,  59% used [0x72980000, 0x73ad7c80, 0x73ad7e00, 0x74668000)
 compacting perm gen  total 16384K, used 16383K [0x82980000, 0x83980000, 0x92980000)
   the space 16384K,  99% used [0x82980000, 0x8397ff78, 0x83980000, 0x83980000)
    ro space 10240K,  60% used [0x92980000, 0x92f8c968, 0x92f8ca00, 0x93380000)
    rw space 12288K,  61% used [0x93380000, 0x93ae62d8, 0x93ae6400, 0x93f80000)
}
Event: 6,667 GC heap before
{Heap before GC invocations=9 (full 1):
 def new generation   total 13376K, used 11904K [0x6a980000, 0x6b800000, 0x72980000)
  eden space 11904K, 100% used [0x6a980000, 0x6b520000, 0x6b520000)
  from space 1472K,   0% used [0x6b520000, 0x6b520000, 0x6b690000)
  to   space 1472K,   0% used [0x6b690000, 0x6b690000, 0x6b800000)
 tenured generation   total 29600K, used 17759K [0x72980000, 0x74668000, 0x82980000)
   the space 29600K,  59% used [0x72980000, 0x73ad7c80, 0x73ad7e00, 0x74668000)
 compacting perm gen  total 19456K, used 19380K [0x82980000, 0x83c80000, 0x92980000)
   the space 19456K,  99% used [0x82980000, 0x83c6d028, 0x83c6d200, 0x83c80000)
    ro space 10240K,  60% used [0x92980000, 0x92f8c968, 0x92f8ca00, 0x93380000)
    rw space 12288K,  61% used [0x93380000, 0x93ae62d8, 0x93ae6400, 0x93f80000)
Event: 6,685 GC heap after
Heap after GC invocations=10 (full 1):
 def new generation   total 13376K, used 1472K [0x6a980000, 0x6b800000, 0x72980000)
  eden space 11904K,   0% used [0x6a980000, 0x6a980000, 0x6b520000)
  from space 1472K, 100% used [0x6b690000, 0x6b800000, 0x6b800000)
  to   space 1472K,   0% used [0x6b520000, 0x6b520000, 0x6b690000)
 tenured generation   total 29600K, used 20843K [0x72980000, 0x74668000, 0x82980000)
   the space 29600K,  70% used [0x72980000, 0x73ddad38, 0x73ddae00, 0x74668000)
 compacting perm gen  total 19456K, used 19380K [0x82980000, 0x83c80000, 0x92980000)
   the space 19456K,  99% used [0x82980000, 0x83c6d028, 0x83c6d200, 0x83c80000)
    ro space 10240K,  60% used [0x92980000, 0x92f8c968, 0x92f8ca00, 0x93380000)
    rw space 12288K,  61% used [0x93380000, 0x93ae62d8, 0x93ae6400, 0x93f80000)
}
Event: 7,368 GC heap before
{Heap before GC invocations=10 (full 1):
 def new generation   total 13376K, used 11760K [0x6a980000, 0x6b800000, 0x72980000)
  eden space 11904K,  86% used [0x6a980000, 0x6b38c000, 0x6b520000)
  from space 1472K, 100% used [0x6b690000, 0x6b800000, 0x6b800000)
  to   space 1472K,   0% used [0x6b520000, 0x6b520000, 0x6b690000)
 tenured generation   total 29600K, used 20843K [0x72980000, 0x74668000, 0x82980000)
   the space 29600K,  70% used [0x72980000, 0x73ddad38, 0x73ddae00, 0x74668000)
 compacting perm gen  total 20480K, used 20479K [0x82980000, 0x83d80000, 0x92980000)
   the space 20480K,  99% used [0x82980000, 0x83d7fd90, 0x83d7fe00, 0x83d80000)
    ro space 10240K,  60% used [0x92980000, 0x92f8c968, 0x92f8ca00, 0x93380000)
    rw space 12288K,  61% used [0x93380000, 0x93ae62d8, 0x93ae6400, 0x93f80000)
Event: 7,484 GC heap after
Heap after GC invocations=11 (full 2):
 def new generation   total 13440K, used 0K [0x6a980000, 0x6b810000, 0x72980000)
  eden space 11968K,   0% used [0x6a980000, 0x6a980000, 0x6b530000)
  from space 1472K,   0% used [0x6b530000, 0x6b530000, 0x6b6a0000)
  to   space 1472K,   0% used [0x6b6a0000, 0x6b6a0000, 0x6b810000)
 tenured generation   total 29600K, used 15442K [0x72980000, 0x74668000, 0x82980000)
   the space 29600K,  52% used [0x72980000, 0x73894be0, 0x73894c00, 0x74668000)
 compacting perm gen  total 20480K, used 20479K [0x82980000, 0x83d80000, 0x92980000)
   the space 20480K,  99% used [0x82980000, 0x83d7fd90, 0x83d7fe00, 0x83d80000)
    ro space 10240K,  60% used [0x92980000, 0x92f8c968, 0x92f8ca00, 0x93380000)
    rw space 12288K,  61% used [0x93380000, 0x93ae62d8, 0x93ae6400, 0x93f80000)
}

